Arguments: 
  /Users/paulosullivan/.nvm/versions/node/v14.0.0/bin/node /usr/local/Cellar/yarn/1.22.10/libexec/bin/yarn.js

PATH: 
  /Users/paulosullivan/.nvm/versions/node/v14.0.0/bin:/Users/paulosullivan/.nvm/versions/node/v14.0.0/bin:/usr/local/bin:/usr/bin:/bin:/usr/sbin:/sbin:/Users/paulosullivan/repos/practice/siri-project-gatsby/node_modules/.bin:/Users/paulosullivan/.nvm/versions/node/v14.0.0/bin

Yarn version: 
  1.22.10

Node version: 
  14.0.0

Platform: 
  darwin x64

Trace: 
  SyntaxError: /Users/paulosullivan/repos/practice/siri-project-gatsby/client/package.json: Unexpected token } in JSON at position 650
      at JSON.parse (<anonymous>)
      at /usr/local/Cellar/yarn/1.22.10/libexec/lib/cli.js:1625:59
      at Generator.next (<anonymous>)
      at step (/usr/local/Cellar/yarn/1.22.10/libexec/lib/cli.js:310:30)
      at /usr/local/Cellar/yarn/1.22.10/libexec/lib/cli.js:321:13

npm manifest: 
  {
    "name": "siri-project",
    "version": "1.0.0",
    "private": true,
    "description": "siri-project",
    "keywords": [
      "gatsby"
    ],
    "scripts": {
      "develop": "gatsby develop",
      "start": "gatsby develop",
      "build": "gatsby build",
      "serve": "gatsby serve",
      "clean": "gatsby clean"
    },
    "license": "0BSD",
    "dependencies": {
      "dotenv": "^8.2.0",
      "gatsby": "^2.26.1",
      "gatsby-plugin-google-gapi": "^0.0.10",
      "gatsby-plugin-react-helmet": "^3.7.0",
      "gatsby-plugin-sass": "^2.8.0",
      "msr": "^1.3.4",
      "node-sass": "^5.0.0",
      "prettier": "^2.2.1",
      "react": "^16.13.1",
      "react-dom": "^16.13.1",
    },
    "devDependencies": {
      "gatsby-plugin-workerize-loader": "^1.5.0"
    }
  }

yarn manifest: 
  No manifest

Lockfile: 
  No lockfile
